# JRE version: Java(TM) SE Runtime Environment (8.0_05-b13) (build 1.8.0_05-b13)
# Java VM: Java HotSpot(TM) 64-Bit Server VM (25.5-b02 mixed mode windows-amd64 compressed oops)
Heap:
 PSYoungGen      total 109056K, used 36524K [0x00000000eab00000, 0x00000000f4c00000, 0x0000000100000000)
  eden space 95232K, 23% used [0x00000000eab00000,0x00000000ec12ba78,0x00000000f0800000)
  from space 13824K, 99% used [0x00000000f0800000,0x00000000f157f6d8,0x00000000f1580000)
  to   space 20480K, 0% used [0x00000000f3800000,0x00000000f3800000,0x00000000f4c00000)
 ParOldGen       total 129536K, used 65521K [0x00000000c0000000, 0x00000000c7e80000, 0x00000000eab00000)
  object space 129536K, 50% used [0x00000000c0000000,0x00000000c3ffc4f0,0x00000000c7e80000)
 Metaspace       used 6896K, capacity 7512K, committed 7680K, reserved 1056768K
  class space    used 668K, capacity 720K, committed 768K, reserved 1048576K
GC Heap History (10 events):
Event: 2.495 GC heap before
{Heap before GC invocations=21 (full 0):
 PSYoungGen      total 57344K, used 55120K [0x00000000eab00000, 0x00000000eec80000, 0x0000000100000000)
  eden space 49152K, 100% used [0x00000000eab00000,0x00000000edb00000,0x00000000edb00000)
  from space 8192K, 72% used [0x00000000ee380000,0x00000000ee9543e0,0x00000000eeb80000)
  to   space 8704K, 0% used [0x00000000edb00000,0x00000000edb00000,0x00000000ee380000)
 ParOldGen       total 129536K, used 25158K [0x00000000c0000000, 0x00000000c7e80000, 0x00000000eab00000)
  object space 129536K, 19% used [0x00000000c0000000,0x00000000c1891ae0,0x00000000c7e80000)
 Metaspace       used 6088K, capacity 7024K, committed 7296K, reserved 1056768K
  class space    used 594K, capacity 616K, committed 640K, reserved 1048576K
Event: 2.518 GC heap after
Heap after GC invocations=21 (full 0):
 PSYoungGen      total 57856K, used 8064K [0x00000000eab00000, 0x00000000f0280000, 0x0000000100000000)
  eden space 49152K, 0% used [0x00000000eab00000,0x00000000eab00000,0x00000000edb00000)
  from space 8704K, 92% used [0x00000000edb00000,0x00000000ee2e0010,0x00000000ee380000)
  to   space 10240K, 0% used [0x00000000ef880000,0x00000000ef880000,0x00000000f0280000)
 ParOldGen       total 129536K, used 30650K [0x00000000c0000000, 0x00000000c7e80000, 0x00000000eab00000)
  object space 129536K, 23% used [0x00000000c0000000,0x00000000c1dee8d0,0x00000000c7e80000)
 Metaspace       used 6088K, capacity 7024K, committed 7296K, reserved 1056768K
  class space    used 594K, capacity 616K, committed 640K, reserved 1048576K
}
Event: 2.770 GC heap before
{Heap before GC invocations=22 (full 0):
 PSYoungGen      total 57856K, used 57216K [0x00000000eab00000, 0x00000000f0280000, 0x0000000100000000)
  eden space 49152K, 100% used [0x00000000eab00000,0x00000000edb00000,0x00000000edb00000)
  from space 8704K, 92% used [0x00000000edb00000,0x00000000ee2e0010,0x00000000ee380000)
  to   space 10240K, 0% used [0x00000000ef880000,0x00000000ef880000,0x00000000f0280000)
 ParOldGen       total 129536K, used 30650K [0x00000000c0000000, 0x00000000c7e80000, 0x00000000eab00000)
  object space 129536K, 23% used [0x00000000c0000000,0x00000000c1dee8d0,0x00000000c7e80000)
 Metaspace       used 6183K, capacity 7064K, committed 7424K, reserved 1056768K
  class space    used 614K, capacity 656K, committed 768K, reserved 1048576K
Event: 2.792 GC heap after
Heap after GC invocations=22 (full 0):
 PSYoungGen      total 78848K, used 7520K [0x00000000eab00000, 0x00000000f0380000, 0x0000000100000000)
  eden space 68608K, 0% used [0x00000000eab00000,0x00000000eab00000,0x00000000eee00000)
  from space 10240K, 73% used [0x00000000ef880000,0x00000000effd8000,0x00000000f0280000)
  to   space 10752K, 0% used [0x00000000eee00000,0x00000000eee00000,0x00000000ef880000)
 ParOldGen       total 129536K, used 37978K [0x00000000c0000000, 0x00000000c7e80000, 0x00000000eab00000)
  object space 129536K, 29% used [0x00000000c0000000,0x00000000c2516a68,0x00000000c7e80000)
 Metaspace       used 6183K, capacity 7064K, committed 7424K, reserved 1056768K
  class space    used 614K, capacity 656K, committed 768K, reserved 1048576K
}
Event: 3.125 GC heap before
{Heap before GC invocations=23 (full 0):
 PSYoungGen      total 78848K, used 76128K [0x00000000eab00000, 0x00000000f0380000, 0x0000000100000000)
  eden space 68608K, 100% used [0x00000000eab00000,0x00000000eee00000,0x00000000eee00000)
  from space 10240K, 73% used [0x00000000ef880000,0x00000000effd8000,0x00000000f0280000)
  to   space 10752K, 0% used [0x00000000eee00000,0x00000000eee00000,0x00000000ef880000)
 ParOldGen       total 129536K, used 37978K [0x00000000c0000000, 0x00000000c7e80000, 0x00000000eab00000)
  object space 129536K, 29% used [0x00000000c0000000,0x00000000c2516a68,0x00000000c7e80000)
 Metaspace       used 6189K, capacity 7064K, committed 7424K, reserved 1056768K
  class space    used 614K, capacity 656K, committed 768K, reserved 1048576K
Event: 3.186 GC heap after
Heap after GC invocations=23 (full 0):
 PSYoungGen      total 79360K, used 10426K [0x00000000eab00000, 0x00000000f2200000, 0x0000000100000000)
  eden space 68608K, 0% used [0x00000000eab00000,0x00000000eab00000,0x00000000eee00000)
  from space 10752K, 96% used [0x00000000eee00000,0x00000000ef82e978,0x00000000ef880000)
  to   space 12800K, 0% used [0x00000000f1580000,0x00000000f1580000,0x00000000f2200000)
 ParOldGen       total 129536K, used 45118K [0x00000000c0000000, 0x00000000c7e80000, 0x00000000eab00000)
  object space 129536K, 34% used [0x00000000c0000000,0x00000000c2c0fa30,0x00000000c7e80000)
 Metaspace       used 6189K, capacity 7064K, committed 7424K, reserved 1056768K
  class space    used 614K, capacity 656K, committed 768K, reserved 1048576K
}
Event: 3.453 GC heap before
{Heap before GC invocations=24 (full 0):
 PSYoungGen      total 79360K, used 79034K [0x00000000eab00000, 0x00000000f2200000, 0x0000000100000000)
  eden space 68608K, 100% used [0x00000000eab00000,0x00000000eee00000,0x00000000eee00000)
  from space 10752K, 96% used [0x00000000eee00000,0x00000000ef82e978,0x00000000ef880000)
  to   space 12800K, 0% used [0x00000000f1580000,0x00000000f1580000,0x00000000f2200000)
 ParOldGen       total 129536K, used 45118K [0x00000000c0000000, 0x00000000c7e80000, 0x00000000eab00000)
  object space 129536K, 34% used [0x00000000c0000000,0x00000000c2c0fa30,0x00000000c7e80000)
 Metaspace       used 6194K, capacity 7064K, committed 7424K, reserved 1056768K
  class space    used 614K, capacity 656K, committed 768K, reserved 1048576K
Event: 3.479 GC heap after
Heap after GC invocations=24 (full 0):
 PSYoungGen      total 108032K, used 9947K [0x00000000eab00000, 0x00000000f2400000, 0x0000000100000000)
  eden space 95232K, 0% used [0x00000000eab00000,0x00000000eab00000,0x00000000f0800000)
  from space 12800K, 77% used [0x00000000f1580000,0x00000000f1f36c88,0x00000000f2200000)
  to   space 13824K, 0% used [0x00000000f0800000,0x00000000f0800000,0x00000000f1580000)
 ParOldGen       total 129536K, used 54428K [0x00000000c0000000, 0x00000000c7e80000, 0x00000000eab00000)
  object space 129536K, 42% used [0x00000000c0000000,0x00000000c3527270,0x00000000c7e80000)
 Metaspace       used 6194K, capacity 7064K, committed 7424K, reserved 1056768K
  class space    used 614K, capacity 656K, committed 768K, reserved 1048576K
}
Event: 4.279 GC heap before
{Heap before GC invocations=25 (full 0):
 PSYoungGen      total 108032K, used 105179K [0x00000000eab00000, 0x00000000f2400000, 0x0000000100000000)
  eden space 95232K, 100% used [0x00000000eab00000,0x00000000f0800000,0x00000000f0800000)
  from space 12800K, 77% used [0x00000000f1580000,0x00000000f1f36c88,0x00000000f2200000)
  to   space 13824K, 0% used [0x00000000f0800000,0x00000000f0800000,0x00000000f1580000)
 ParOldGen       total 129536K, used 54428K [0x00000000c0000000, 0x00000000c7e80000, 0x00000000eab00000)
  object space 129536K, 42% used [0x00000000c0000000,0x00000000c3527270,0x00000000c7e80000)
 Metaspace       used 6471K, capacity 7352K, committed 7680K, reserved 1056768K
  class space    used 632K, capacity 688K, committed 768K, reserved 1048576K
Event: 4.350 GC heap after
Heap after GC invocations=25 (full 0):
 PSYoungGen      total 109056K, used 13821K [0x00000000eab00000, 0x00000000f4c00000, 0x0000000100000000)
  eden space 95232K, 0% used [0x00000000eab00000,0x00000000eab00000,0x00000000f0800000)
  from space 13824K, 99% used [0x00000000f0800000,0x00000000f157f6d8,0x00000000f1580000)
  to   space 20480K, 0% used [0x00000000f3800000,0x00000000f3800000,0x00000000f4c00000)
 ParOldGen       total 129536K, used 65521K [0x00000000c0000000, 0x00000000c7e80000, 0x00000000eab00000)
  object space 129536K, 50% used [0x00000000c0000000,0x00000000c3ffc4f0,0x00000000c7e80000)
 Metaspace       used 6471K, capacity 7352K, committed 7680K, reserved 1056768K
  class space    used 632K, capacity 688K, committed 768K, reserved 1048576K
}

