# JRE version: Java(TM) SE Runtime Environment (8.0_05-b13) (build 1.8.0_05-b13)
# Java VM: Java HotSpot(TM) 64-Bit Server VM (25.5-b02 mixed mode windows-amd64 compressed oops)
Heap:
 PSYoungGen      total 112640K, used 28544K [0x00000000eab00000, 0x00000000f2800000, 0x0000000100000000)
  eden space 98304K, 14% used [0x00000000eab00000,0x00000000eb8e61b0,0x00000000f0b00000)
  from space 14336K, 99% used [0x00000000f0b00000,0x00000000f18fa1d0,0x00000000f1900000)
  to   space 13312K, 0% used [0x00000000f1900000,0x00000000f1900000,0x00000000f2600000)
 ParOldGen       total 129536K, used 59883K [0x00000000c0000000, 0x00000000c7e80000, 0x00000000eab00000)
  object space 129536K, 46% used [0x00000000c0000000,0x00000000c3a7ae68,0x00000000c7e80000)
 Metaspace       used 6221K, capacity 7064K, committed 7424K, reserved 1056768K
  class space    used 616K, capacity 656K, committed 768K, reserved 1048576K
GC Heap History (10 events):
Event: 2.283 GC heap before
{Heap before GC invocations=17 (full 0):
 PSYoungGen      total 57856K, used 56224K [0x00000000eab00000, 0x00000000eeb80000, 0x0000000100000000)
  eden space 51200K, 100% used [0x00000000eab00000,0x00000000edd00000,0x00000000edd00000)
  from space 6656K, 75% used [0x00000000ee400000,0x00000000ee8e8000,0x00000000eea80000)
  to   space 7168K, 0% used [0x00000000edd00000,0x00000000edd00000,0x00000000ee400000)
 ParOldGen       total 129536K, used 19817K [0x00000000c0000000, 0x00000000c7e80000, 0x00000000eab00000)
  object space 129536K, 15% used [0x00000000c0000000,0x00000000c135a440,0x00000000c7e80000)
 Metaspace       used 6097K, capacity 7024K, committed 7296K, reserved 1056768K
  class space    used 595K, capacity 616K, committed 640K, reserved 1048576K
Event: 2.307 GC heap after
Heap after GC invocations=17 (full 0):
 PSYoungGen      total 58368K, used 7136K [0x00000000eab00000, 0x00000000f0600000, 0x0000000100000000)
  eden space 51200K, 0% used [0x00000000eab00000,0x00000000eab00000,0x00000000edd00000)
  from space 7168K, 99% used [0x00000000edd00000,0x00000000ee3f8020,0x00000000ee400000)
  to   space 10752K, 0% used [0x00000000efb80000,0x00000000efb80000,0x00000000f0600000)
 ParOldGen       total 129536K, used 25957K [0x00000000c0000000, 0x00000000c7e80000, 0x00000000eab00000)
  object space 129536K, 20% used [0x00000000c0000000,0x00000000c19597b8,0x00000000c7e80000)
 Metaspace       used 6097K, capacity 7024K, committed 7296K, reserved 1056768K
  class space    used 595K, capacity 616K, committed 640K, reserved 1048576K
}
Event: 2.560 GC heap before
{Heap before GC invocations=18 (full 0):
 PSYoungGen      total 58368K, used 58336K [0x00000000eab00000, 0x00000000f0600000, 0x0000000100000000)
  eden space 51200K, 100% used [0x00000000eab00000,0x00000000edd00000,0x00000000edd00000)
  from space 7168K, 99% used [0x00000000edd00000,0x00000000ee3f8020,0x00000000ee400000)
  to   space 10752K, 0% used [0x00000000efb80000,0x00000000efb80000,0x00000000f0600000)
 ParOldGen       total 129536K, used 25957K [0x00000000c0000000, 0x00000000c7e80000, 0x00000000eab00000)
  object space 129536K, 20% used [0x00000000c0000000,0x00000000c19597b8,0x00000000c7e80000)
 Metaspace       used 6102K, capacity 7024K, committed 7296K, reserved 1056768K
  class space    used 595K, capacity 616K, committed 640K, reserved 1048576K
Event: 2.590 GC heap after
Heap after GC invocations=18 (full 0):
 PSYoungGen      total 81408K, used 7764K [0x00000000eab00000, 0x00000000f0800000, 0x0000000100000000)
  eden space 70656K, 0% used [0x00000000eab00000,0x00000000eab00000,0x00000000ef000000)
  from space 10752K, 72% used [0x00000000efb80000,0x00000000f03153e0,0x00000000f0600000)
  to   space 11776K, 0% used [0x00000000ef000000,0x00000000ef000000,0x00000000efb80000)
 ParOldGen       total 129536K, used 33106K [0x00000000c0000000, 0x00000000c7e80000, 0x00000000eab00000)
  object space 129536K, 25% used [0x00000000c0000000,0x00000000c2054b18,0x00000000c7e80000)
 Metaspace       used 6102K, capacity 7024K, committed 7296K, reserved 1056768K
  class space    used 595K, capacity 616K, committed 640K, reserved 1048576K
}
Event: 2.904 GC heap before
{Heap before GC invocations=19 (full 0):
 PSYoungGen      total 81408K, used 78420K [0x00000000eab00000, 0x00000000f0800000, 0x0000000100000000)
  eden space 70656K, 100% used [0x00000000eab00000,0x00000000ef000000,0x00000000ef000000)
  from space 10752K, 72% used [0x00000000efb80000,0x00000000f03153e0,0x00000000f0600000)
  to   space 11776K, 0% used [0x00000000ef000000,0x00000000ef000000,0x00000000efb80000)
 ParOldGen       total 129536K, used 33106K [0x00000000c0000000, 0x00000000c7e80000, 0x00000000eab00000)
  object space 129536K, 25% used [0x00000000c0000000,0x00000000c2054b18,0x00000000c7e80000)
 Metaspace       used 6202K, capacity 7064K, committed 7424K, reserved 1056768K
  class space    used 614K, capacity 656K, committed 768K, reserved 1048576K
Event: 2.958 GC heap after
Heap after GC invocations=19 (full 0):
 PSYoungGen      total 82432K, used 10560K [0x00000000eab00000, 0x00000000f2600000, 0x0000000100000000)
  eden space 70656K, 0% used [0x00000000eab00000,0x00000000eab00000,0x00000000ef000000)
  from space 11776K, 89% used [0x00000000ef000000,0x00000000efa50000,0x00000000efb80000)
  to   space 13312K, 0% used [0x00000000f1900000,0x00000000f1900000,0x00000000f2600000)
 ParOldGen       total 129536K, used 40458K [0x00000000c0000000, 0x00000000c7e80000, 0x00000000eab00000)
  object space 129536K, 31% used [0x00000000c0000000,0x00000000c2782bb8,0x00000000c7e80000)
 Metaspace       used 6202K, capacity 7064K, committed 7424K, reserved 1056768K
  class space    used 614K, capacity 656K, committed 768K, reserved 1048576K
}
Event: 3.235 GC heap before
{Heap before GC invocations=20 (full 0):
 PSYoungGen      total 82432K, used 81216K [0x00000000eab00000, 0x00000000f2600000, 0x0000000100000000)
  eden space 70656K, 100% used [0x00000000eab00000,0x00000000ef000000,0x00000000ef000000)
  from space 11776K, 89% used [0x00000000ef000000,0x00000000efa50000,0x00000000efb80000)
  to   space 13312K, 0% used [0x00000000f1900000,0x00000000f1900000,0x00000000f2600000)
 ParOldGen       total 129536K, used 40458K [0x00000000c0000000, 0x00000000c7e80000, 0x00000000eab00000)
  object space 129536K, 31% used [0x00000000c0000000,0x00000000c2782bb8,0x00000000c7e80000)
 Metaspace       used 6205K, capacity 7064K, committed 7424K, reserved 1056768K
  class space    used 614K, capacity 656K, committed 768K, reserved 1048576K
Event: 3.295 GC heap after
Heap after GC invocations=20 (full 0):
 PSYoungGen      total 111616K, used 9912K [0x00000000eab00000, 0x00000000f2800000, 0x0000000100000000)
  eden space 98304K, 0% used [0x00000000eab00000,0x00000000eab00000,0x00000000f0b00000)
  from space 13312K, 74% used [0x00000000f1900000,0x00000000f22ae390,0x00000000f2600000)
  to   space 14336K, 0% used [0x00000000f0b00000,0x00000000f0b00000,0x00000000f1900000)
 ParOldGen       total 129536K, used 50559K [0x00000000c0000000, 0x00000000c7e80000, 0x00000000eab00000)
  object space 129536K, 39% used [0x00000000c0000000,0x00000000c315ff20,0x00000000c7e80000)
 Metaspace       used 6205K, capacity 7064K, committed 7424K, reserved 1056768K
  class space    used 614K, capacity 656K, committed 768K, reserved 1048576K
}
Event: 3.729 GC heap before
{Heap before GC invocations=21 (full 0):
 PSYoungGen      total 111616K, used 108216K [0x00000000eab00000, 0x00000000f2800000, 0x0000000100000000)
  eden space 98304K, 100% used [0x00000000eab00000,0x00000000f0b00000,0x00000000f0b00000)
  from space 13312K, 74% used [0x00000000f1900000,0x00000000f22ae390,0x00000000f2600000)
  to   space 14336K, 0% used [0x00000000f0b00000,0x00000000f0b00000,0x00000000f1900000)
 ParOldGen       total 129536K, used 50559K [0x00000000c0000000, 0x00000000c7e80000, 0x00000000eab00000)
  object space 129536K, 39% used [0x00000000c0000000,0x00000000c315ff20,0x00000000c7e80000)
 Metaspace       used 6215K, capacity 7064K, committed 7424K, reserved 1056768K
  class space    used 614K, capacity 656K, committed 768K, reserved 1048576K
Event: 3.768 GC heap after
Heap after GC invocations=21 (full 0):
 PSYoungGen      total 112640K, used 14312K [0x00000000eab00000, 0x00000000f2800000, 0x0000000100000000)
  eden space 98304K, 0% used [0x00000000eab00000,0x00000000eab00000,0x00000000f0b00000)
  from space 14336K, 99% used [0x00000000f0b00000,0x00000000f18fa1d0,0x00000000f1900000)
  to   space 13312K, 0% used [0x00000000f1900000,0x00000000f1900000,0x00000000f2600000)
 ParOldGen       total 129536K, used 59883K [0x00000000c0000000, 0x00000000c7e80000, 0x00000000eab00000)
  object space 129536K, 46% used [0x00000000c0000000,0x00000000c3a7ae68,0x00000000c7e80000)
 Metaspace       used 6215K, capacity 7064K, committed 7424K, reserved 1056768K
  class space    used 614K, capacity 656K, committed 768K, reserved 1048576K
}

