# JRE version: Java(TM) SE Runtime Environment (8.0_05-b13) (build 1.8.0_05-b13)
# Java VM: Java HotSpot(TM) 64-Bit Server VM (25.5-b02 mixed mode windows-amd64 compressed oops)
Heap:
 PSYoungGen      total 59392K, used 12013K [0x00000000eab00000, 0x00000000f0600000, 0x0000000100000000)
  eden space 48640K, 9% used [0x00000000eab00000,0x00000000eaf78b28,0x00000000eda80000)
  from space 10752K, 69% used [0x00000000ee600000,0x00000000eed429c0,0x00000000ef080000)
  to   space 11776K, 0% used [0x00000000eda80000,0x00000000eda80000,0x00000000ee600000)
 ParOldGen       total 129536K, used 49202K [0x00000000c0000000, 0x00000000c7e80000, 0x00000000eab00000)
  object space 129536K, 37% used [0x00000000c0000000,0x00000000c300cbc0,0x00000000c7e80000)
 Metaspace       used 6208K, capacity 7064K, committed 7424K, reserved 1056768K
  class space    used 616K, capacity 656K, committed 768K, reserved 1048576K
GC Heap History (10 events):
Event: 4.787 GC heap before
{Heap before GC invocations=20 (full 0):
 PSYoungGen      total 40960K, used 40960K [0x00000000eab00000, 0x00000000ee880000, 0x0000000100000000)
  eden space 35328K, 100% used [0x00000000eab00000,0x00000000ecd80000,0x00000000ecd80000)
  from space 5632K, 100% used [0x00000000ecd80000,0x00000000ed300000,0x00000000ed300000)
  to   space 6656K, 0% used [0x00000000ee200000,0x00000000ee200000,0x00000000ee880000)
 ParOldGen       total 129536K, used 19920K [0x00000000c0000000, 0x00000000c7e80000, 0x00000000eab00000)
  object space 129536K, 15% used [0x00000000c0000000,0x00000000c1374148,0x00000000c7e80000)
 Metaspace       used 6094K, capacity 7024K, committed 7296K, reserved 1056768K
  class space    used 595K, capacity 616K, committed 640K, reserved 1048576K
Event: 5.150 GC heap after
Heap after GC invocations=20 (full 0):
 PSYoungGen      total 41984K, used 5872K [0x00000000eab00000, 0x00000000ee880000, 0x0000000100000000)
  eden space 35328K, 0% used [0x00000000eab00000,0x00000000eab00000,0x00000000ecd80000)
  from space 6656K, 88% used [0x00000000ee200000,0x00000000ee7bc1e0,0x00000000ee880000)
  to   space 5632K, 0% used [0x00000000ecd80000,0x00000000ecd80000,0x00000000ed300000)
 ParOldGen       total 129536K, used 25128K [0x00000000c0000000, 0x00000000c7e80000, 0x00000000eab00000)
  object space 129536K, 19% used [0x00000000c0000000,0x00000000c188a130,0x00000000c7e80000)
 Metaspace       used 6094K, capacity 7024K, committed 7296K, reserved 1056768K
  class space    used 595K, capacity 616K, committed 640K, reserved 1048576K
}
Event: 5.786 GC heap before
{Heap before GC invocations=21 (full 0):
 PSYoungGen      total 41984K, used 41200K [0x00000000eab00000, 0x00000000ee880000, 0x0000000100000000)
  eden space 35328K, 100% used [0x00000000eab00000,0x00000000ecd80000,0x00000000ecd80000)
  from space 6656K, 88% used [0x00000000ee200000,0x00000000ee7bc1e0,0x00000000ee880000)
  to   space 5632K, 0% used [0x00000000ecd80000,0x00000000ecd80000,0x00000000ed300000)
 ParOldGen       total 129536K, used 25128K [0x00000000c0000000, 0x00000000c7e80000, 0x00000000eab00000)
  object space 129536K, 19% used [0x00000000c0000000,0x00000000c188a130,0x00000000c7e80000)
 Metaspace       used 6099K, capacity 7024K, committed 7296K, reserved 1056768K
  class space    used 595K, capacity 616K, committed 640K, reserved 1048576K
Event: 5.920 GC heap after
Heap after GC invocations=21 (full 0):
 PSYoungGen      total 40960K, used 5616K [0x00000000eab00000, 0x00000000ef080000, 0x0000000100000000)
  eden space 35328K, 0% used [0x00000000eab00000,0x00000000eab00000,0x00000000ecd80000)
  from space 5632K, 99% used [0x00000000ecd80000,0x00000000ed2fc030,0x00000000ed300000)
  to   space 10752K, 0% used [0x00000000ee600000,0x00000000ee600000,0x00000000ef080000)
 ParOldGen       total 129536K, used 31373K [0x00000000c0000000, 0x00000000c7e80000, 0x00000000eab00000)
  object space 129536K, 24% used [0x00000000c0000000,0x00000000c1ea3678,0x00000000c7e80000)
 Metaspace       used 6099K, capacity 7024K, committed 7296K, reserved 1056768K
  class space    used 595K, capacity 616K, committed 640K, reserved 1048576K
}
Event: 6.118 GC heap before
{Heap before GC invocations=22 (full 0):
 PSYoungGen      total 40960K, used 40944K [0x00000000eab00000, 0x00000000ef080000, 0x0000000100000000)
  eden space 35328K, 100% used [0x00000000eab00000,0x00000000ecd80000,0x00000000ecd80000)
  from space 5632K, 99% used [0x00000000ecd80000,0x00000000ed2fc030,0x00000000ed300000)
  to   space 10752K, 0% used [0x00000000ee600000,0x00000000ee600000,0x00000000ef080000)
 ParOldGen       total 129536K, used 31373K [0x00000000c0000000, 0x00000000c7e80000, 0x00000000eab00000)
  object space 129536K, 24% used [0x00000000c0000000,0x00000000c1ea3678,0x00000000c7e80000)
 Metaspace       used 6104K, capacity 7024K, committed 7296K, reserved 1056768K
  class space    used 595K, capacity 616K, committed 640K, reserved 1048576K
Event: 6.143 GC heap after
Heap after GC invocations=22 (full 0):
 PSYoungGen      total 60416K, used 5492K [0x00000000eab00000, 0x00000000ef080000, 0x0000000100000000)
  eden space 49664K, 0% used [0x00000000eab00000,0x00000000eab00000,0x00000000edb80000)
  from space 10752K, 51% used [0x00000000ee600000,0x00000000eeb5d3e0,0x00000000ef080000)
  to   space 10752K, 0% used [0x00000000edb80000,0x00000000edb80000,0x00000000ee600000)
 ParOldGen       total 129536K, used 36765K [0x00000000c0000000, 0x00000000c7e80000, 0x00000000eab00000)
  object space 129536K, 28% used [0x00000000c0000000,0x00000000c23e7660,0x00000000c7e80000)
 Metaspace       used 6104K, capacity 7024K, committed 7296K, reserved 1056768K
  class space    used 595K, capacity 616K, committed 640K, reserved 1048576K
}
Event: 6.519 GC heap before
{Heap before GC invocations=23 (full 0):
 PSYoungGen      total 60416K, used 55156K [0x00000000eab00000, 0x00000000ef080000, 0x0000000100000000)
  eden space 49664K, 100% used [0x00000000eab00000,0x00000000edb80000,0x00000000edb80000)
  from space 10752K, 51% used [0x00000000ee600000,0x00000000eeb5d3e0,0x00000000ef080000)
  to   space 10752K, 0% used [0x00000000edb80000,0x00000000edb80000,0x00000000ee600000)
 ParOldGen       total 129536K, used 36765K [0x00000000c0000000, 0x00000000c7e80000, 0x00000000eab00000)
  object space 129536K, 28% used [0x00000000c0000000,0x00000000c23e7660,0x00000000c7e80000)
 Metaspace       used 6199K, capacity 7064K, committed 7424K, reserved 1056768K
  class space    used 615K, capacity 656K, committed 768K, reserved 1048576K
Event: 6.543 GC heap after
Heap after GC invocations=23 (full 0):
 PSYoungGen      total 60416K, used 7680K [0x00000000eab00000, 0x00000000ef080000, 0x0000000100000000)
  eden space 49664K, 0% used [0x00000000eab00000,0x00000000eab00000,0x00000000edb80000)
  from space 10752K, 71% used [0x00000000edb80000,0x00000000ee300000,0x00000000ee600000)
  to   space 10752K, 0% used [0x00000000ee600000,0x00000000ee600000,0x00000000ef080000)
 ParOldGen       total 129536K, used 41909K [0x00000000c0000000, 0x00000000c7e80000, 0x00000000eab00000)
  object space 129536K, 32% used [0x00000000c0000000,0x00000000c28ed5e0,0x00000000c7e80000)
 Metaspace       used 6199K, capacity 7064K, committed 7424K, reserved 1056768K
  class space    used 615K, capacity 656K, committed 768K, reserved 1048576K
}
Event: 7.828 GC heap before
{Heap before GC invocations=24 (full 0):
 PSYoungGen      total 60416K, used 57344K [0x00000000eab00000, 0x00000000ef080000, 0x0000000100000000)
  eden space 49664K, 100% used [0x00000000eab00000,0x00000000edb80000,0x00000000edb80000)
  from space 10752K, 71% used [0x00000000edb80000,0x00000000ee300000,0x00000000ee600000)
  to   space 10752K, 0% used [0x00000000ee600000,0x00000000ee600000,0x00000000ef080000)
 ParOldGen       total 129536K, used 41909K [0x00000000c0000000, 0x00000000c7e80000, 0x00000000eab00000)
  object space 129536K, 32% used [0x00000000c0000000,0x00000000c28ed5e0,0x00000000c7e80000)
 Metaspace       used 6205K, capacity 7064K, committed 7424K, reserved 1056768K
  class space    used 616K, capacity 656K, committed 768K, reserved 1048576K
Event: 7.873 GC heap after
Heap after GC invocations=24 (full 0):
 PSYoungGen      total 59392K, used 7434K [0x00000000eab00000, 0x00000000f0600000, 0x0000000100000000)
  eden space 48640K, 0% used [0x00000000eab00000,0x00000000eab00000,0x00000000eda80000)
  from space 10752K, 69% used [0x00000000ee600000,0x00000000eed429c0,0x00000000ef080000)
  to   space 11776K, 0% used [0x00000000eda80000,0x00000000eda80000,0x00000000ee600000)
 ParOldGen       total 129536K, used 49202K [0x00000000c0000000, 0x00000000c7e80000, 0x00000000eab00000)
  object space 129536K, 37% used [0x00000000c0000000,0x00000000c300cbc0,0x00000000c7e80000)
 Metaspace       used 6205K, capacity 7064K, committed 7424K, reserved 1056768K
  class space    used 616K, capacity 656K, committed 768K, reserved 1048576K
}

